1564965772816:readme
1564975087010:login username
1564975099734:rank
1564975113905:rank username
1564975128861:myRank
1564975138736:myrank
1564975421971:rank
1564975433472:login username
1564975438068:rank username
1564975444772:myrank
1564975494483:rank
1564976387103:login 1
1564976392477:show
1564976426698:login uu
1564976428807:show
1564976440105:stacktrace
1564976494920:login 1
1564976497419:show
1564976512639:login ss
1564976514265:show
1564976517146:stacktrace
1564976573169:login 1
1564976575684:show
1564976654381:login 1
1564976655568:show
1564976669584:showpack
1564977532777:how
1564977684716:readhelp
1564977691218:show
1564977704501:login 1
1564977708391:show
1564977728082:showpack
1564977779439:login s
1564977780923:show
1564977852541:login 1
1564977854244:show
1564977905376:login 1
1564977907094:show
1564977921956:showpack
1564977928786:add 7
1564978009642:login 2
1564978012126:myrank
1564978016066:showpack
1564978018143:7
1564978026378:add 7
1564978294643:login 1
1564978301501:serch 1
1564978305018:add 1
1564978309158:rank
1564978315753:showpack
1564978824840:login 2
1564978829512:myrank
1564978832438:add 7
1564978834815:add 8
1564978836934:add 9
1564978905662:login 1
1564978908121:add 7
1564978919628:login 1
1564978921904:add 7
1564979126998:login 1
1564979129103:add 7
1564979134803:add 8
1564979138558:add 1
1564979140329:add 2
1564979150868:rank
1564979194888:login 1
1564979197003:rank
1564979199612:myrank
1564979203049:add 1
1564979204632:add 2
1564979206279:add 3
1564979211244:add 6
1564979213181:add 7
1564979263614:login 1
1564979266384:rannk
1564979269187:rank
1564979271699:add 1
1564979274064:add 2
1564979276835:add 7
1564979300502:rank
1565693095049:login 1
1565693104172:readme
1565693109629:readhelp
1565693116377:login ss
1565693130397:stackstrace
1565693168577:login 1
1565693237807:stacktrace
1565693734118:login 1
1565693743319:stacktrace
1565693772638:login 1
1565757458418:$use
1565757462537:$user
1565757467673:&user
1565757472844:user
1565757474977:sue
1565757476810:use
1565757692929:readhelp
1565757866688:help
1565758045759:login
1565758048650:login 22
1565758051561:login 1
1565758055298:login 111111
1565758060414:login 1111111
1565758151114:login 1
1565758154085:help
1565758171351:clear
1565758217205:help
1565781908023:log 1
1565781911052:login 1
1565781912778:add 1
1565781919453:add 3
1565781921901:add 4
1565781924207:add 5
1565781935247:add 6
1565782030654:login 1
1565782033535:show
1565782038931:add 1
1565782041520:add 2
1565782043573:add 3
1565782045255:add 4
1565782053295:add 7
1565782056665:add 8
1565782058963:add 9
1565782115983:add 7
1565782119895:login 1
1565782121342:add 7
1565782123661:add 1
1565782127574:add 4
1565782211247:login 1
1565782213818:add 1
1565782215252:add 2
1565782216966:add 4
1565782218757:add 7
1565782222910:add 77
1565784257433:login 1
1565784260413:login 2
1565784267099:stacktracce
1565784272187:stacktrace
1565784352426:login 1
1565784367610:add 1
1565784372196:login 1
1565784391362:login 22
1565830428437:login 1
1565830475486:login 2
1565830540646:login 1
1565830563835:show
1565830713071:login 1
1565830716389:show
1565830946592:login 1
1565830961734:show
1565830970797:showpack
1565831015969:login 1
1565831017659:show
1565831024809:showpack
1565831142550:login 1
1565831145171:showpack
1565831185161:show
1565831192739:stacktrace
1565831281043:login 1
1565831282614:show
1565831288215:stacktrace
1565831411949:login 1
1565831413425:show
1565831528491:login 1
1565831529966:show
1565831684097:login 1
1565831686634:showpack
1565832083823:login 1
1565832085307:show
1565832088688:showpack
1565832125381:login 1
1565832127430:showpack
1565869687097:login 1
1565870087535:show
1565870100090:stackstrace
1565870106084:stacktrace
1565870171151:login 1
1565870172801:show
1565870182548:rank
1565870192702:stacktrace
1565870249074:login1
1565870251046:login 1
1565870252270:show
1565870256630:rank
1565870270677:stacetrace
1565870276676:stacktrace
1565870291513:ranl
1565870294238:rank
1565929998975:login 1
1565930000544:show
1565930045971:login 1
1565930096747:show
1565930106197:rank
1565930964458:login 1
1565930966740:show
1565930969451:rank
